<?xml version="1.0" encoding="UTF-8"?>
<testsuite xmlns:xsi="http://www.w3.org/2001/XMLSchema-instance" xsi:noNamespaceSchemaLocation="https://maven.apache.org/surefire/maven-surefire-plugin/xsd/surefire-test-report.xsd" name="com.example.AppTest" time="0.028" tests="1" errors="0" skipped="0" failures="0">
  <properties>
    <property name="java.specification.version" value="17"/>
    <property name="sun.cpu.isalist" value="amd64"/>
    <property name="sun.jnu.encoding" value="Cp1252"/>
    <property name="java.class.path" value="c:\Users\JuanPrograma\OneDrive\Desktop\ADU5EX03\demo\target\test-classes;c:\Users\JuanPrograma\OneDrive\Desktop\ADU5EX03\demo\target\classes;C:\Users\JuanPrograma\.m2\repository\junit\junit\4.11\junit-4.11.jar;C:\Users\JuanPrograma\.m2\repository\org\hamcrest\hamcrest-core\1.3\hamcrest-core-1.3.jar;C:\Users\JuanPrograma\.m2\repository\org\mongodb\mongodb-driver-sync\4.10.2\mongodb-driver-sync-4.10.2.jar;C:\Users\JuanPrograma\.m2\repository\org\mongodb\bson\4.10.2\bson-4.10.2.jar;C:\Users\JuanPrograma\.m2\repository\org\mongodb\mongodb-driver-core\4.10.2\mongodb-driver-core-4.10.2.jar;C:\Users\JuanPrograma\.m2\repository\org\mongodb\bson-record-codec\4.10.2\bson-record-codec-4.10.2.jar;C:\Users\JuanPrograma\.m2\repository\org\slf4j\slf4j-api\2.0.7\slf4j-api-2.0.7.jar;C:\Users\JuanPrograma\.m2\repository\ch\qos\logback\logback-classic\1.4.11\logback-classic-1.4.11.jar;C:\Users\JuanPrograma\.m2\repository\ch\qos\logback\logback-core\1.4.11\logback-core-1.4.11.jar;C:\Users\JuanPrograma\.m2\repository\org\json\json\20231013\json-20231013.jar;"/>
    <property name="java.vm.vendor" value="Oracle Corporation"/>
    <property name="sun.arch.data.model" value="64"/>
    <property name="user.variant" value=""/>
    <property name="java.vendor.url" value="https://java.oracle.com/"/>
    <property name="user.timezone" value="Europe/Madrid"/>
    <property name="os.name" value="Windows 11"/>
    <property name="java.vm.specification.version" value="17"/>
    <property name="sun.java.launcher" value="SUN_STANDARD"/>
    <property name="user.country" value="GB"/>
    <property name="sun.boot.library.path" value="C:\Program Files\Java\jdk-17\bin"/>
    <property name="sun.java.command" value="C:\Users\JUANPR~1\AppData\Local\Temp\surefire14206693941400022050\surefirebooter16897991883608117034.jar C:\Users\JuanPrograma\AppData\Local\Temp\surefire14206693941400022050 2025-01-28T17-12-28_391-jvmRun1 surefire6609740672537422261tmp surefire_06305647973316137773tmp"/>
    <property name="jdk.debug" value="release"/>
    <property name="surefire.test.class.path" value="c:\Users\JuanPrograma\OneDrive\Desktop\ADU5EX03\demo\target\test-classes;c:\Users\JuanPrograma\OneDrive\Desktop\ADU5EX03\demo\target\classes;C:\Users\JuanPrograma\.m2\repository\junit\junit\4.11\junit-4.11.jar;C:\Users\JuanPrograma\.m2\repository\org\hamcrest\hamcrest-core\1.3\hamcrest-core-1.3.jar;C:\Users\JuanPrograma\.m2\repository\org\mongodb\mongodb-driver-sync\4.10.2\mongodb-driver-sync-4.10.2.jar;C:\Users\JuanPrograma\.m2\repository\org\mongodb\bson\4.10.2\bson-4.10.2.jar;C:\Users\JuanPrograma\.m2\repository\org\mongodb\mongodb-driver-core\4.10.2\mongodb-driver-core-4.10.2.jar;C:\Users\JuanPrograma\.m2\repository\org\mongodb\bson-record-codec\4.10.2\bson-record-codec-4.10.2.jar;C:\Users\JuanPrograma\.m2\repository\org\slf4j\slf4j-api\2.0.7\slf4j-api-2.0.7.jar;C:\Users\JuanPrograma\.m2\repository\ch\qos\logback\logback-classic\1.4.11\logback-classic-1.4.11.jar;C:\Users\JuanPrograma\.m2\repository\ch\qos\logback\logback-core\1.4.11\logback-core-1.4.11.jar;C:\Users\JuanPrograma\.m2\repository\org\json\json\20231013\json-20231013.jar;"/>
    <property name="sun.cpu.endian" value="little"/>
    <property name="user.home" value="C:\Users\JuanPrograma"/>
    <property name="user.language" value="en"/>
    <property name="java.specification.vendor" value="Oracle Corporation"/>
    <property name="java.version.date" value="2023-07-18"/>
    <property name="java.home" value="C:\Program Files\Java\jdk-17"/>
    <property name="file.separator" value="\"/>
    <property name="basedir" value="c:\Users\JuanPrograma\OneDrive\Desktop\ADU5EX03\demo"/>
    <property name="java.vm.compressedOopsMode" value="32-bit"/>
    <property name="line.separator" value="&#10;"/>
    <property name="java.vm.specification.vendor" value="Oracle Corporation"/>
    <property name="java.specification.name" value="Java Platform API Specification"/>
    <property name="surefire.real.class.path" value="C:\Users\JUANPR~1\AppData\Local\Temp\surefire14206693941400022050\surefirebooter16897991883608117034.jar"/>
    <property name="user.script" value=""/>
    <property name="sun.management.compiler" value="HotSpot 64-Bit Tiered Compilers"/>
    <property name="java.runtime.version" value="17.0.8+9-LTS-211"/>
    <property name="user.name" value="JuanPrograma"/>
    <property name="path.separator" value=";"/>
    <property name="os.version" value="10.0"/>
    <property name="java.runtime.name" value="Java(TM) SE Runtime Environment"/>
    <property name="file.encoding" value="Cp1252"/>
    <property name="java.vm.name" value="Java HotSpot(TM) 64-Bit Server VM"/>
    <property name="localRepository" value="C:\Users\JuanPrograma\.m2\repository"/>
    <property name="java.vendor.url.bug" value="https://bugreport.java.com/bugreport/"/>
    <property name="java.io.tmpdir" value="C:\Users\JUANPR~1\AppData\Local\Temp\"/>
    <property name="java.version" value="17.0.8"/>
    <property name="user.dir" value="c:\Users\JuanPrograma\OneDrive\Desktop\ADU5EX03\demo"/>
    <property name="os.arch" value="amd64"/>
    <property name="java.vm.specification.name" value="Java Virtual Machine Specification"/>
    <property name="sun.os.patch.level" value=""/>
    <property name="native.encoding" value="Cp1252"/>
    <property name="java.library.path" value="C:\Program Files\Java\jdk-17\bin;C:\WINDOWS\Sun\Java\bin;C:\WINDOWS\system32;C:\WINDOWS;C:\db_home\bin;C:\Python312\Scripts\;C:\Python312\;C:\app\JuanPrograma\product\21c\dbhomeXE\bin;C:\Users\JuanPrograma\OneDrive\Desktop\WINDOWS.X64_213000_db_home\bin;C:\Program Files\Common Files\Oracle\Java\javapath;C:\WINDOWS\system32;C:\WINDOWS;C:\WINDOWS\System32\Wbem;C:\WINDOWS\System32\WindowsPowerShell\v1.0\;C:\WINDOWS\System32\OpenSSH\;C:\Program Files\Git\cmd;C:\Program Files\Java\jdk-21\bin;C:\Program Files\kotlinc\bin;C:\Program Files\nodejs\;C:\ProgramData\chocolatey\bin;C:\Program Files\dotnet\;C:\Program Files\Java\jdk-17\bin;C:\Program Files (x86)\Microsoft SQL Server\160\DTS\Binn\;C:\Users\JuanPrograma\AppData\Local\Microsoft\WindowsApps;C:\Users\JuanPrograma\AppData\Local\Programs\Microsoft VS Code\bin;C:\Users\JuanPrograma\AppData\Roaming\npm;C:\sqlite3;C:\Program Files\Azure Data Studio\bin;C:\Users\JuanPrograma\.dotnet\tools;C:\Program Files\JetBrains\IntelliJ IDEA 2024.2.3\bin;;C:\Users\JuanPrograma\OneDrive\Desktop\sqlite;C:\apache-maven-3.9.9\bin;;c:\Users\JuanPrograma\AppData\Roaming\Code\User\globalStorage\github.copilot-chat\debugCommand;."/>
    <property name="java.vm.info" value="mixed mode, sharing"/>
    <property name="java.vendor" value="Oracle Corporation"/>
    <property name="java.vm.version" value="17.0.8+9-LTS-211"/>
    <property name="sun.io.unicode.encoding" value="UnicodeLittle"/>
    <property name="java.class.version" value="61.0"/>
  </properties>
  <testcase name="shouldAnswerWithTrue" classname="com.example.AppTest" time="0.002"/>
</testsuite>